Compiled jquery.js  (1ms)  (pid 5238)
Compiled jquery_ujs.js  (0ms)  (pid 5238)
Compiled jquery.price_format.1.7.min.js  (0ms)  (pid 5238)
Compiled bootstrap.js  (0ms)  (pid 5238)
Compiled jquery.cookie.js  (0ms)  (pid 5238)
Compiled jquery.ui.core.js  (0ms)  (pid 5238)
Compiled jquery.ui.widget.js  (0ms)  (pid 5238)
Compiled jquery.ui.mouse.js  (1ms)  (pid 5238)
Compiled jquery.ui.position.js  (0ms)  (pid 5238)
Compiled jquery.ui.draggable.js  (2ms)  (pid 5238)
Compiled jquery.ui.droppable.js  (3ms)  (pid 5238)
Compiled jquery.ui.resizable.js  (2ms)  (pid 5238)
Compiled jquery.ui.selectable.js  (2ms)  (pid 5238)
Compiled jquery.ui.sortable.js  (2ms)  (pid 5238)
Compiled jquery.ui.effect.js  (0ms)  (pid 5238)
Compiled jquery.ui.effect-blind.js  (4ms)  (pid 5238)
Compiled jquery.ui.effect-bounce.js  (1ms)  (pid 5238)
Compiled jquery.ui.effect-clip.js  (1ms)  (pid 5238)
Compiled jquery.ui.effect-drop.js  (1ms)  (pid 5238)
Compiled jquery.ui.effect-explode.js  (1ms)  (pid 5238)
Compiled jquery.ui.effect-fade.js  (1ms)  (pid 5238)
Compiled jquery.ui.effect-fold.js  (1ms)  (pid 5238)
Compiled jquery.ui.effect-highlight.js  (1ms)  (pid 5238)
Compiled jquery.ui.effect-pulsate.js  (1ms)  (pid 5238)
Compiled jquery.ui.effect-scale.js  (1ms)  (pid 5238)
Compiled jquery.ui.effect-shake.js  (1ms)  (pid 5238)
Compiled jquery.ui.effect-slide.js  (1ms)  (pid 5238)
Compiled jquery.ui.effect-transfer.js  (1ms)  (pid 5238)
Compiled jquery.ui.effect.all.js  (90ms)  (pid 5238)
Compiled jquery.ui.datepicker.js  (1ms)  (pid 5238)
Compiled jquery.ui.datepicker-pt-BR.js  (0ms)  (pid 5238)
Compiled bootstrap-wysihtml5/lib/js/wysihtml5-0.3.0.min.js  (0ms)  (pid 5238)
Compiled bootstrap-fileupload/bootstrap-fileupload.js  (27ms)  (pid 5238)
Compiled bootstrap-rowlink/bootstrap-rowlink.js  (0ms)  (pid 5238)
Compiled bootstrap-progressbar/bootstrap-progressbar.js  (0ms)  (pid 5238)
Compiled bootstrap-wysihtml5/src/bootstrap-wysihtml5.js  (0ms)  (pid 5238)
Compiled bootstrap-select/bootstrap-select.js  (0ms)  (pid 5238)
Compiled bootstrap-bootbox/bootbox.min.js  (0ms)  (pid 5238)
Compiled bootstrap-modal/bootstrap-modalmanager.js  (0ms)  (pid 5238)
Compiled bootstrap-modal/bootstrap-modal.js  (0ms)  (pid 5238)
Compiled bootstrap-wizard/bootstrap-wizard.js  (0ms)  (pid 5238)
Compiled bootstrap-toggle-buttons/bootstrap-toggle-buttons.js  (0ms)  (pid 5238)
Compiled nicescroll/jquery.nicescroll.min.js  (0ms)  (pid 5238)
Compiled qtip2/jquery.qtip.min.js  (0ms)  (pid 5238)
Compiled list/js/list.min.js  (0ms)  (pid 5238)
Compiled list/plugins/list.paging.min.js  (0ms)  (pid 5238)
Compiled fullcalendar/fullcalendar.js  (1ms)  (pid 5238)
Compiled uniform/jquery.uniform.js  (0ms)  (pid 5238)
Compiled select2/select2.min.js  (0ms)  (pid 5238)
Compiled counter/jquery.counter.js  (0ms)  (pid 5238)
Compiled elastic/jquery.elastic.js  (0ms)  (pid 5238)
Compiled inputmask/jquery.inputmask.js  (0ms)  (pid 5238)
Compiled inputmask/jquery.inputmask.extensions.js  (0ms)  (pid 5238)
Compiled validate/jquery.validate.min.js  (0ms)  (pid 5238)
Compiled xbreadcrumbs/xbreadcrumbs.js  (0ms)  (pid 5238)
Compiled main.js  (0ms)  (pid 5238)
Compiled clientes.js  (0ms)  (pid 5238)
Compiled outdoors.js  (0ms)  (pid 5238)
Compiled reservas.js  (452ms)  (pid 5238)
Compiled application.js  (889ms)  (pid 5238)
Compiled lib/bootstrap.css  (0ms)  (pid 5238)
Compiled lib/bootstrap-responsive.css  (0ms)  (pid 5238)
Compiled boo.css  (0ms)  (pid 5238)
Compiled boo-coloring.css  (0ms)  (pid 5238)
Compiled boo-utility.css  (0ms)  (pid 5238)
Compiled bootstrap-fileupload.css  (0ms)  (pid 5238)
Compiled bootstrap-modal-bootheme.css  (0ms)  (pid 5238)
Compiled jquery.ui.core.css  (1ms)  (pid 5238)
Compiled jquery.ui.theme.css  (104ms)  (pid 5238)
Compiled jquery.ui.datepicker.css  (115ms)  (pid 5238)
Compiled fonts.css  (0ms)  (pid 5238)
Compiled jquery.qtip.css  (0ms)  (pid 5238)
Compiled uniform-theme.css  (0ms)  (pid 5238)
Compiled select-theme.css  (0ms)  (pid 5238)
Compiled bootstrap-toggle-buttons-theme.css  (0ms)  (pid 5238)
Compiled clientes.css  (0ms)  (pid 5238)
Compiled fonts/awesome/css/font-awesome.css  (0ms)  (pid 5238)
Compiled fonts/fontello/css/fontello.css  (0ms)  (pid 5238)
Compiled ie.css  (0ms)  (pid 5238)
Compiled outdoors.css  (0ms)  (pid 5238)
Compiled print.css  (0ms)  (pid 5238)
Compiled reservas.css  (0ms)  (pid 5238)
Compiled scaffolds.css  (11ms)  (pid 5238)
Compiled application.css  (288ms)  (pid 5238)
Compiled jquery.js  (1ms)  (pid 5256)
Compiled jquery_ujs.js  (0ms)  (pid 5256)
Compiled jquery.price_format.1.7.min.js  (0ms)  (pid 5256)
Compiled bootstrap.js  (0ms)  (pid 5256)
Compiled jquery.cookie.js  (0ms)  (pid 5256)
Compiled jquery.ui.core.js  (0ms)  (pid 5256)
Compiled jquery.ui.widget.js  (0ms)  (pid 5256)
Compiled jquery.ui.mouse.js  (1ms)  (pid 5256)
Compiled jquery.ui.position.js  (0ms)  (pid 5256)
Compiled jquery.ui.draggable.js  (2ms)  (pid 5256)
Compiled jquery.ui.droppable.js  (3ms)  (pid 5256)
Compiled jquery.ui.resizable.js  (2ms)  (pid 5256)
Compiled jquery.ui.selectable.js  (2ms)  (pid 5256)
Compiled jquery.ui.sortable.js  (2ms)  (pid 5256)
Compiled jquery.ui.effect.js  (0ms)  (pid 5256)
Compiled jquery.ui.effect-blind.js  (4ms)  (pid 5256)
Compiled jquery.ui.effect-bounce.js  (1ms)  (pid 5256)
Compiled jquery.ui.effect-clip.js  (0ms)  (pid 5256)
Compiled jquery.ui.effect-drop.js  (0ms)  (pid 5256)
Compiled jquery.ui.effect-explode.js  (0ms)  (pid 5256)
Compiled jquery.ui.effect-fade.js  (0ms)  (pid 5256)
Compiled jquery.ui.effect-fold.js  (0ms)  (pid 5256)
Compiled jquery.ui.effect-highlight.js  (1ms)  (pid 5256)
Compiled jquery.ui.effect-pulsate.js  (1ms)  (pid 5256)
Compiled jquery.ui.effect-scale.js  (1ms)  (pid 5256)
Compiled jquery.ui.effect-shake.js  (0ms)  (pid 5256)
Compiled jquery.ui.effect-slide.js  (1ms)  (pid 5256)
Compiled jquery.ui.effect-transfer.js  (1ms)  (pid 5256)
Compiled jquery.ui.effect.all.js  (86ms)  (pid 5256)
Compiled jquery.ui.datepicker.js  (1ms)  (pid 5256)
Compiled jquery.ui.datepicker-pt-BR.js  (0ms)  (pid 5256)
Compiled bootstrap-wysihtml5/lib/js/wysihtml5-0.3.0.min.js  (0ms)  (pid 5256)
Compiled bootstrap-fileupload/bootstrap-fileupload.js  (26ms)  (pid 5256)
Compiled bootstrap-rowlink/bootstrap-rowlink.js  (0ms)  (pid 5256)
Compiled bootstrap-progressbar/bootstrap-progressbar.js  (0ms)  (pid 5256)
Compiled bootstrap-wysihtml5/src/bootstrap-wysihtml5.js  (0ms)  (pid 5256)
Compiled bootstrap-select/bootstrap-select.js  (0ms)  (pid 5256)
Compiled bootstrap-bootbox/bootbox.min.js  (0ms)  (pid 5256)
Compiled bootstrap-modal/bootstrap-modalmanager.js  (0ms)  (pid 5256)
Compiled bootstrap-modal/bootstrap-modal.js  (0ms)  (pid 5256)
Compiled bootstrap-wizard/bootstrap-wizard.js  (0ms)  (pid 5256)
Compiled bootstrap-toggle-buttons/bootstrap-toggle-buttons.js  (0ms)  (pid 5256)
Compiled nicescroll/jquery.nicescroll.min.js  (0ms)  (pid 5256)
Compiled qtip2/jquery.qtip.min.js  (0ms)  (pid 5256)
Compiled list/js/list.min.js  (0ms)  (pid 5256)
Compiled list/plugins/list.paging.min.js  (0ms)  (pid 5256)
Compiled fullcalendar/fullcalendar.js  (0ms)  (pid 5256)
Compiled uniform/jquery.uniform.js  (0ms)  (pid 5256)
Compiled select2/select2.min.js  (0ms)  (pid 5256)
Compiled counter/jquery.counter.js  (0ms)  (pid 5256)
Compiled elastic/jquery.elastic.js  (0ms)  (pid 5256)
Compiled inputmask/jquery.inputmask.js  (0ms)  (pid 5256)
Compiled inputmask/jquery.inputmask.extensions.js  (0ms)  (pid 5256)
Compiled validate/jquery.validate.min.js  (0ms)  (pid 5256)
Compiled xbreadcrumbs/xbreadcrumbs.js  (0ms)  (pid 5256)
Compiled main.js  (0ms)  (pid 5256)
Compiled clientes.js  (0ms)  (pid 5256)
Compiled outdoors.js  (0ms)  (pid 5256)
Compiled reservas.js  (100ms)  (pid 5256)
Compiled application.js  (515ms)  (pid 5256)
Compiled lib/bootstrap.css  (0ms)  (pid 5256)
Compiled lib/bootstrap-responsive.css  (0ms)  (pid 5256)
Compiled boo.css  (0ms)  (pid 5256)
Compiled boo-coloring.css  (0ms)  (pid 5256)
Compiled boo-utility.css  (0ms)  (pid 5256)
Compiled bootstrap-fileupload.css  (0ms)  (pid 5256)
Compiled bootstrap-modal-bootheme.css  (0ms)  (pid 5256)
Compiled jquery.ui.core.css  (1ms)  (pid 5256)
Compiled jquery.ui.theme.css  (73ms)  (pid 5256)
Compiled jquery.ui.datepicker.css  (83ms)  (pid 5256)
Compiled fonts.css  (0ms)  (pid 5256)
Compiled jquery.qtip.css  (0ms)  (pid 5256)
Compiled uniform-theme.css  (0ms)  (pid 5256)
Compiled select-theme.css  (0ms)  (pid 5256)
Compiled bootstrap-toggle-buttons-theme.css  (0ms)  (pid 5256)
Compiled clientes.css  (1ms)  (pid 5256)
Compiled fonts/awesome/css/font-awesome.css  (0ms)  (pid 5256)
Compiled fonts/fontello/css/fontello.css  (0ms)  (pid 5256)
Compiled ie.css  (0ms)  (pid 5256)
Compiled outdoors.css  (0ms)  (pid 5256)
Compiled print.css  (0ms)  (pid 5256)
Compiled reservas.css  (0ms)  (pid 5256)
Compiled scaffolds.css  (10ms)  (pid 5256)
Compiled application.css  (165ms)  (pid 5256)
Compiled jquery.js  (1ms)  (pid 5289)
Compiled jquery_ujs.js  (0ms)  (pid 5289)
Compiled jquery.price_format.1.7.min.js  (0ms)  (pid 5289)
Compiled bootstrap.js  (0ms)  (pid 5289)
Compiled jquery.cookie.js  (0ms)  (pid 5289)
Compiled jquery.ui.core.js  (0ms)  (pid 5289)
Compiled jquery.ui.widget.js  (0ms)  (pid 5289)
Compiled jquery.ui.mouse.js  (1ms)  (pid 5289)
Compiled jquery.ui.position.js  (0ms)  (pid 5289)
Compiled jquery.ui.draggable.js  (2ms)  (pid 5289)
Compiled jquery.ui.droppable.js  (3ms)  (pid 5289)
Compiled jquery.ui.resizable.js  (2ms)  (pid 5289)
Compiled jquery.ui.selectable.js  (2ms)  (pid 5289)
Compiled jquery.ui.sortable.js  (2ms)  (pid 5289)
Compiled jquery.ui.effect.js  (0ms)  (pid 5289)
Compiled jquery.ui.effect-blind.js  (4ms)  (pid 5289)
Compiled jquery.ui.effect-bounce.js  (1ms)  (pid 5289)
Compiled jquery.ui.effect-clip.js  (0ms)  (pid 5289)
Compiled jquery.ui.effect-drop.js  (0ms)  (pid 5289)
Compiled jquery.ui.effect-explode.js  (1ms)  (pid 5289)
Compiled jquery.ui.effect-fade.js  (0ms)  (pid 5289)
Compiled jquery.ui.effect-fold.js  (0ms)  (pid 5289)
Compiled jquery.ui.effect-highlight.js  (0ms)  (pid 5289)
Compiled jquery.ui.effect-pulsate.js  (1ms)  (pid 5289)
Compiled jquery.ui.effect-scale.js  (1ms)  (pid 5289)
Compiled jquery.ui.effect-shake.js  (0ms)  (pid 5289)
Compiled jquery.ui.effect-slide.js  (0ms)  (pid 5289)
Compiled jquery.ui.effect-transfer.js  (0ms)  (pid 5289)
Compiled jquery.ui.effect.all.js  (87ms)  (pid 5289)
Compiled jquery.ui.datepicker.js  (1ms)  (pid 5289)
Compiled jquery.ui.datepicker-pt-BR.js  (0ms)  (pid 5289)
Compiled bootstrap-wysihtml5/lib/js/wysihtml5-0.3.0.min.js  (0ms)  (pid 5289)
Compiled bootstrap-fileupload/bootstrap-fileupload.js  (26ms)  (pid 5289)
Compiled bootstrap-rowlink/bootstrap-rowlink.js  (0ms)  (pid 5289)
Compiled bootstrap-progressbar/bootstrap-progressbar.js  (0ms)  (pid 5289)
Compiled bootstrap-wysihtml5/src/bootstrap-wysihtml5.js  (0ms)  (pid 5289)
Compiled bootstrap-select/bootstrap-select.js  (0ms)  (pid 5289)
Compiled bootstrap-bootbox/bootbox.min.js  (0ms)  (pid 5289)
Compiled bootstrap-modal/bootstrap-modalmanager.js  (0ms)  (pid 5289)
Compiled bootstrap-modal/bootstrap-modal.js  (0ms)  (pid 5289)
Compiled bootstrap-wizard/bootstrap-wizard.js  (0ms)  (pid 5289)
Compiled bootstrap-toggle-buttons/bootstrap-toggle-buttons.js  (0ms)  (pid 5289)
Compiled nicescroll/jquery.nicescroll.min.js  (0ms)  (pid 5289)
Compiled qtip2/jquery.qtip.min.js  (0ms)  (pid 5289)
Compiled list/js/list.min.js  (0ms)  (pid 5289)
Compiled list/plugins/list.paging.min.js  (0ms)  (pid 5289)
Compiled fullcalendar/fullcalendar.js  (0ms)  (pid 5289)
Compiled uniform/jquery.uniform.js  (0ms)  (pid 5289)
Compiled select2/select2.min.js  (0ms)  (pid 5289)
Compiled counter/jquery.counter.js  (0ms)  (pid 5289)
Compiled elastic/jquery.elastic.js  (0ms)  (pid 5289)
Compiled inputmask/jquery.inputmask.js  (0ms)  (pid 5289)
Compiled inputmask/jquery.inputmask.extensions.js  (0ms)  (pid 5289)
Compiled validate/jquery.validate.min.js  (0ms)  (pid 5289)
Compiled xbreadcrumbs/xbreadcrumbs.js  (0ms)  (pid 5289)
Compiled main.js  (0ms)  (pid 5289)
Compiled clientes.js  (0ms)  (pid 5289)
Compiled outdoors.js  (0ms)  (pid 5289)
Compiled reservas.js  (95ms)  (pid 5289)
Compiled application.js  (514ms)  (pid 5289)
Compiled lib/bootstrap.css  (0ms)  (pid 5289)
Compiled lib/bootstrap-responsive.css  (0ms)  (pid 5289)
Compiled boo.css  (0ms)  (pid 5289)
Compiled boo-coloring.css  (0ms)  (pid 5289)
Compiled boo-utility.css  (0ms)  (pid 5289)
Compiled bootstrap-fileupload.css  (0ms)  (pid 5289)
Compiled bootstrap-modal-bootheme.css  (0ms)  (pid 5289)
Compiled jquery.ui.core.css  (1ms)  (pid 5289)
Compiled jquery.ui.theme.css  (72ms)  (pid 5289)
Compiled jquery.ui.datepicker.css  (82ms)  (pid 5289)
Compiled fonts.css  (0ms)  (pid 5289)
Compiled jquery.qtip.css  (0ms)  (pid 5289)
Compiled uniform-theme.css  (0ms)  (pid 5289)
Compiled select-theme.css  (0ms)  (pid 5289)
Compiled bootstrap-toggle-buttons-theme.css  (0ms)  (pid 5289)
Compiled clientes.css  (0ms)  (pid 5289)
Compiled fonts/awesome/css/font-awesome.css  (0ms)  (pid 5289)
Compiled fonts/fontello/css/fontello.css  (0ms)  (pid 5289)
Compiled ie.css  (1ms)  (pid 5289)
Compiled outdoors.css  (0ms)  (pid 5289)
Compiled print.css  (0ms)  (pid 5289)
Compiled reservas.css  (0ms)  (pid 5289)
Compiled scaffolds.css  (10ms)  (pid 5289)
Compiled application.css  (171ms)  (pid 5289)
Compiled jquery.js  (1ms)  (pid 5316)
Compiled jquery_ujs.js  (0ms)  (pid 5316)
Compiled jquery.price_format.1.7.min.js  (0ms)  (pid 5316)
Compiled bootstrap.js  (0ms)  (pid 5316)
Compiled jquery.cookie.js  (0ms)  (pid 5316)
Compiled jquery.ui.core.js  (0ms)  (pid 5316)
Compiled jquery.ui.widget.js  (0ms)  (pid 5316)
Compiled jquery.ui.mouse.js  (1ms)  (pid 5316)
Compiled jquery.ui.position.js  (0ms)  (pid 5316)
Compiled jquery.ui.draggable.js  (2ms)  (pid 5316)
Compiled jquery.ui.droppable.js  (3ms)  (pid 5316)
Compiled jquery.ui.resizable.js  (2ms)  (pid 5316)
Compiled jquery.ui.selectable.js  (2ms)  (pid 5316)
Compiled jquery.ui.sortable.js  (2ms)  (pid 5316)
Compiled jquery.ui.effect.js  (0ms)  (pid 5316)
Compiled jquery.ui.effect-blind.js  (4ms)  (pid 5316)
Compiled jquery.ui.effect-bounce.js  (1ms)  (pid 5316)
Compiled jquery.ui.effect-clip.js  (0ms)  (pid 5316)
Compiled jquery.ui.effect-drop.js  (0ms)  (pid 5316)
Compiled jquery.ui.effect-explode.js  (1ms)  (pid 5316)
Compiled jquery.ui.effect-fade.js  (0ms)  (pid 5316)
Compiled jquery.ui.effect-fold.js  (0ms)  (pid 5316)
Compiled jquery.ui.effect-highlight.js  (0ms)  (pid 5316)
Compiled jquery.ui.effect-pulsate.js  (1ms)  (pid 5316)
Compiled jquery.ui.effect-scale.js  (1ms)  (pid 5316)
Compiled jquery.ui.effect-shake.js  (1ms)  (pid 5316)
Compiled jquery.ui.effect-slide.js  (1ms)  (pid 5316)
Compiled jquery.ui.effect-transfer.js  (1ms)  (pid 5316)
Compiled jquery.ui.effect.all.js  (89ms)  (pid 5316)
Compiled jquery.ui.datepicker.js  (1ms)  (pid 5316)
Compiled jquery.ui.datepicker-pt-BR.js  (0ms)  (pid 5316)
Compiled bootstrap-wysihtml5/lib/js/wysihtml5-0.3.0.min.js  (0ms)  (pid 5316)
Compiled bootstrap-fileupload/bootstrap-fileupload.js  (27ms)  (pid 5316)
Compiled bootstrap-rowlink/bootstrap-rowlink.js  (0ms)  (pid 5316)
Compiled bootstrap-progressbar/bootstrap-progressbar.js  (0ms)  (pid 5316)
Compiled bootstrap-wysihtml5/src/bootstrap-wysihtml5.js  (0ms)  (pid 5316)
Compiled bootstrap-select/bootstrap-select.js  (0ms)  (pid 5316)
Compiled bootstrap-bootbox/bootbox.min.js  (0ms)  (pid 5316)
Compiled bootstrap-modal/bootstrap-modalmanager.js  (0ms)  (pid 5316)
Compiled bootstrap-modal/bootstrap-modal.js  (0ms)  (pid 5316)
Compiled bootstrap-wizard/bootstrap-wizard.js  (0ms)  (pid 5316)
Compiled bootstrap-toggle-buttons/bootstrap-toggle-buttons.js  (0ms)  (pid 5316)
Compiled nicescroll/jquery.nicescroll.min.js  (0ms)  (pid 5316)
Compiled qtip2/jquery.qtip.min.js  (0ms)  (pid 5316)
Compiled list/js/list.min.js  (0ms)  (pid 5316)
Compiled list/plugins/list.paging.min.js  (0ms)  (pid 5316)
Compiled fullcalendar/fullcalendar.js  (0ms)  (pid 5316)
Compiled uniform/jquery.uniform.js  (0ms)  (pid 5316)
Compiled select2/select2.min.js  (0ms)  (pid 5316)
Compiled counter/jquery.counter.js  (0ms)  (pid 5316)
Compiled elastic/jquery.elastic.js  (0ms)  (pid 5316)
Compiled inputmask/jquery.inputmask.js  (0ms)  (pid 5316)
Compiled inputmask/jquery.inputmask.extensions.js  (0ms)  (pid 5316)
Compiled validate/jquery.validate.min.js  (0ms)  (pid 5316)
Compiled xbreadcrumbs/xbreadcrumbs.js  (0ms)  (pid 5316)
Compiled main.js  (0ms)  (pid 5316)
Compiled clientes.js  (0ms)  (pid 5316)
Compiled outdoors.js  (0ms)  (pid 5316)
Compiled reservas.js  (105ms)  (pid 5316)
Compiled application.js  (537ms)  (pid 5316)
Compiled lib/bootstrap.css  (0ms)  (pid 5316)
Compiled lib/bootstrap-responsive.css  (0ms)  (pid 5316)
Compiled boo.css  (0ms)  (pid 5316)
Compiled boo-coloring.css  (0ms)  (pid 5316)
Compiled boo-utility.css  (0ms)  (pid 5316)
Compiled bootstrap-fileupload.css  (0ms)  (pid 5316)
Compiled bootstrap-modal-bootheme.css  (0ms)  (pid 5316)
Compiled jquery.ui.core.css  (1ms)  (pid 5316)
Compiled jquery.ui.theme.css  (74ms)  (pid 5316)
Compiled jquery.ui.datepicker.css  (84ms)  (pid 5316)
Compiled fonts.css  (0ms)  (pid 5316)
Compiled jquery.qtip.css  (0ms)  (pid 5316)
Compiled uniform-theme.css  (0ms)  (pid 5316)
Compiled select-theme.css  (0ms)  (pid 5316)
Compiled bootstrap-toggle-buttons-theme.css  (0ms)  (pid 5316)
Compiled clientes.css  (0ms)  (pid 5316)
Compiled fonts/awesome/css/font-awesome.css  (0ms)  (pid 5316)
Compiled fonts/fontello/css/fontello.css  (0ms)  (pid 5316)
Compiled ie.css  (0ms)  (pid 5316)
Compiled outdoors.css  (0ms)  (pid 5316)
Compiled print.css  (0ms)  (pid 5316)
Compiled reservas.css  (0ms)  (pid 5316)
Compiled scaffolds.css  (10ms)  (pid 5316)
Compiled application.css  (167ms)  (pid 5316)
Compiled jquery.js  (1ms)  (pid 5334)
Compiled jquery_ujs.js  (0ms)  (pid 5334)
Compiled jquery.price_format.1.7.min.js  (0ms)  (pid 5334)
Compiled bootstrap.js  (0ms)  (pid 5334)
Compiled jquery.cookie.js  (0ms)  (pid 5334)
Compiled jquery.ui.core.js  (0ms)  (pid 5334)
Compiled jquery.ui.widget.js  (0ms)  (pid 5334)
Compiled jquery.ui.mouse.js  (1ms)  (pid 5334)
Compiled jquery.ui.position.js  (0ms)  (pid 5334)
Compiled jquery.ui.draggable.js  (2ms)  (pid 5334)
Compiled jquery.ui.droppable.js  (3ms)  (pid 5334)
Compiled jquery.ui.resizable.js  (2ms)  (pid 5334)
Compiled jquery.ui.selectable.js  (2ms)  (pid 5334)
Compiled jquery.ui.sortable.js  (2ms)  (pid 5334)
Compiled jquery.ui.effect.js  (0ms)  (pid 5334)
Compiled jquery.ui.effect-blind.js  (4ms)  (pid 5334)
Compiled jquery.ui.effect-bounce.js  (0ms)  (pid 5334)
Compiled jquery.ui.effect-clip.js  (0ms)  (pid 5334)
Compiled jquery.ui.effect-drop.js  (0ms)  (pid 5334)
Compiled jquery.ui.effect-explode.js  (1ms)  (pid 5334)
Compiled jquery.ui.effect-fade.js  (1ms)  (pid 5334)
Compiled jquery.ui.effect-fold.js  (0ms)  (pid 5334)
Compiled jquery.ui.effect-highlight.js  (0ms)  (pid 5334)
Compiled jquery.ui.effect-pulsate.js  (1ms)  (pid 5334)
Compiled jquery.ui.effect-scale.js  (1ms)  (pid 5334)
Compiled jquery.ui.effect-shake.js  (1ms)  (pid 5334)
Compiled jquery.ui.effect-slide.js  (1ms)  (pid 5334)
Compiled jquery.ui.effect-transfer.js  (1ms)  (pid 5334)
Compiled jquery.ui.effect.all.js  (89ms)  (pid 5334)
Compiled jquery.ui.datepicker.js  (1ms)  (pid 5334)
Compiled jquery.ui.datepicker-pt-BR.js  (0ms)  (pid 5334)
Compiled bootstrap-wysihtml5/lib/js/wysihtml5-0.3.0.min.js  (0ms)  (pid 5334)
Compiled bootstrap-fileupload/bootstrap-fileupload.js  (26ms)  (pid 5334)
Compiled bootstrap-rowlink/bootstrap-rowlink.js  (0ms)  (pid 5334)
Compiled bootstrap-progressbar/bootstrap-progressbar.js  (0ms)  (pid 5334)
Compiled bootstrap-wysihtml5/src/bootstrap-wysihtml5.js  (0ms)  (pid 5334)
Compiled bootstrap-select/bootstrap-select.js  (0ms)  (pid 5334)
Compiled bootstrap-bootbox/bootbox.min.js  (0ms)  (pid 5334)
Compiled bootstrap-modal/bootstrap-modalmanager.js  (0ms)  (pid 5334)
Compiled bootstrap-modal/bootstrap-modal.js  (0ms)  (pid 5334)
Compiled bootstrap-wizard/bootstrap-wizard.js  (0ms)  (pid 5334)
Compiled bootstrap-toggle-buttons/bootstrap-toggle-buttons.js  (0ms)  (pid 5334)
Compiled nicescroll/jquery.nicescroll.min.js  (0ms)  (pid 5334)
Compiled qtip2/jquery.qtip.min.js  (0ms)  (pid 5334)
Compiled list/js/list.min.js  (0ms)  (pid 5334)
Compiled list/plugins/list.paging.min.js  (0ms)  (pid 5334)
Compiled fullcalendar/fullcalendar.js  (0ms)  (pid 5334)
Compiled uniform/jquery.uniform.js  (0ms)  (pid 5334)
Compiled select2/select2.min.js  (0ms)  (pid 5334)
Compiled counter/jquery.counter.js  (0ms)  (pid 5334)
Compiled elastic/jquery.elastic.js  (0ms)  (pid 5334)
Compiled inputmask/jquery.inputmask.js  (0ms)  (pid 5334)
Compiled inputmask/jquery.inputmask.extensions.js  (0ms)  (pid 5334)
Compiled validate/jquery.validate.min.js  (0ms)  (pid 5334)
Compiled xbreadcrumbs/xbreadcrumbs.js  (0ms)  (pid 5334)
Compiled main.js  (0ms)  (pid 5334)
Compiled clientes.js  (0ms)  (pid 5334)
Compiled outdoors.js  (0ms)  (pid 5334)
Compiled reservas.js  (99ms)  (pid 5334)
Compiled application.js  (525ms)  (pid 5334)
Compiled lib/bootstrap.css  (0ms)  (pid 5334)
Compiled lib/bootstrap-responsive.css  (0ms)  (pid 5334)
Compiled boo.css  (0ms)  (pid 5334)
Compiled boo-coloring.css  (0ms)  (pid 5334)
Compiled boo-utility.css  (0ms)  (pid 5334)
Compiled bootstrap-fileupload.css  (0ms)  (pid 5334)
Compiled bootstrap-modal-bootheme.css  (0ms)  (pid 5334)
Compiled jquery.ui.core.css  (1ms)  (pid 5334)
Compiled jquery.ui.theme.css  (73ms)  (pid 5334)
Compiled jquery.ui.datepicker.css  (83ms)  (pid 5334)
Compiled fonts.css  (0ms)  (pid 5334)
Compiled jquery.qtip.css  (0ms)  (pid 5334)
Compiled uniform-theme.css  (0ms)  (pid 5334)
Compiled select-theme.css  (0ms)  (pid 5334)
Compiled bootstrap-toggle-buttons-theme.css  (0ms)  (pid 5334)
Compiled clientes.css  (0ms)  (pid 5334)
Compiled fonts/awesome/css/font-awesome.css  (0ms)  (pid 5334)
Compiled fonts/fontello/css/fontello.css  (0ms)  (pid 5334)
Compiled ie.css  (1ms)  (pid 5334)
Compiled outdoors.css  (0ms)  (pid 5334)
Compiled print.css  (0ms)  (pid 5334)
Compiled reservas.css  (0ms)  (pid 5334)
Compiled scaffolds.css  (10ms)  (pid 5334)
Compiled application.css  (166ms)  (pid 5334)
Compiled jquery.js  (1ms)  (pid 5353)
Compiled jquery_ujs.js  (0ms)  (pid 5353)
Compiled jquery.price_format.1.7.min.js  (0ms)  (pid 5353)
Compiled bootstrap.js  (0ms)  (pid 5353)
Compiled jquery.cookie.js  (0ms)  (pid 5353)
Compiled jquery.ui.core.js  (0ms)  (pid 5353)
Compiled jquery.ui.widget.js  (0ms)  (pid 5353)
Compiled jquery.ui.mouse.js  (1ms)  (pid 5353)
Compiled jquery.ui.position.js  (0ms)  (pid 5353)
Compiled jquery.ui.draggable.js  (2ms)  (pid 5353)
Compiled jquery.ui.droppable.js  (3ms)  (pid 5353)
Compiled jquery.ui.resizable.js  (2ms)  (pid 5353)
Compiled jquery.ui.selectable.js  (2ms)  (pid 5353)
Compiled jquery.ui.sortable.js  (2ms)  (pid 5353)
Compiled jquery.ui.effect.js  (0ms)  (pid 5353)
Compiled jquery.ui.effect-blind.js  (4ms)  (pid 5353)
Compiled jquery.ui.effect-bounce.js  (1ms)  (pid 5353)
Compiled jquery.ui.effect-clip.js  (1ms)  (pid 5353)
Compiled jquery.ui.effect-drop.js  (0ms)  (pid 5353)
Compiled jquery.ui.effect-explode.js  (0ms)  (pid 5353)
Compiled jquery.ui.effect-fade.js  (0ms)  (pid 5353)
Compiled jquery.ui.effect-fold.js  (0ms)  (pid 5353)
Compiled jquery.ui.effect-highlight.js  (0ms)  (pid 5353)
Compiled jquery.ui.effect-pulsate.js  (1ms)  (pid 5353)
Compiled jquery.ui.effect-scale.js  (1ms)  (pid 5353)
Compiled jquery.ui.effect-shake.js  (1ms)  (pid 5353)
Compiled jquery.ui.effect-slide.js  (1ms)  (pid 5353)
Compiled jquery.ui.effect-transfer.js  (0ms)  (pid 5353)
Compiled jquery.ui.effect.all.js  (87ms)  (pid 5353)
Compiled jquery.ui.datepicker.js  (1ms)  (pid 5353)
Compiled jquery.ui.datepicker-pt-BR.js  (0ms)  (pid 5353)
Compiled bootstrap-wysihtml5/lib/js/wysihtml5-0.3.0.min.js  (0ms)  (pid 5353)
Compiled bootstrap-fileupload/bootstrap-fileupload.js  (27ms)  (pid 5353)
Compiled bootstrap-rowlink/bootstrap-rowlink.js  (0ms)  (pid 5353)
Compiled bootstrap-progressbar/bootstrap-progressbar.js  (0ms)  (pid 5353)
Compiled bootstrap-wysihtml5/src/bootstrap-wysihtml5.js  (0ms)  (pid 5353)
Compiled bootstrap-select/bootstrap-select.js  (0ms)  (pid 5353)
Compiled bootstrap-bootbox/bootbox.min.js  (0ms)  (pid 5353)
Compiled bootstrap-modal/bootstrap-modalmanager.js  (0ms)  (pid 5353)
Compiled bootstrap-modal/bootstrap-modal.js  (0ms)  (pid 5353)
Compiled bootstrap-wizard/bootstrap-wizard.js  (0ms)  (pid 5353)
Compiled bootstrap-toggle-buttons/bootstrap-toggle-buttons.js  (0ms)  (pid 5353)
Compiled nicescroll/jquery.nicescroll.min.js  (0ms)  (pid 5353)
Compiled qtip2/jquery.qtip.min.js  (0ms)  (pid 5353)
Compiled list/js/list.min.js  (0ms)  (pid 5353)
Compiled list/plugins/list.paging.min.js  (0ms)  (pid 5353)
Compiled fullcalendar/fullcalendar.js  (0ms)  (pid 5353)
Compiled uniform/jquery.uniform.js  (0ms)  (pid 5353)
Compiled select2/select2.min.js  (0ms)  (pid 5353)
Compiled counter/jquery.counter.js  (0ms)  (pid 5353)
Compiled elastic/jquery.elastic.js  (0ms)  (pid 5353)
Compiled inputmask/jquery.inputmask.js  (0ms)  (pid 5353)
Compiled inputmask/jquery.inputmask.extensions.js  (0ms)  (pid 5353)
Compiled validate/jquery.validate.min.js  (0ms)  (pid 5353)
Compiled xbreadcrumbs/xbreadcrumbs.js  (0ms)  (pid 5353)
Compiled main.js  (0ms)  (pid 5353)
Compiled clientes.js  (0ms)  (pid 5353)
Compiled outdoors.js  (0ms)  (pid 5353)
Compiled reservas.js  (96ms)  (pid 5353)
Compiled application.js  (521ms)  (pid 5353)
Compiled lib/bootstrap.css  (0ms)  (pid 5353)
Compiled lib/bootstrap-responsive.css  (0ms)  (pid 5353)
Compiled boo.css  (0ms)  (pid 5353)
Compiled boo-coloring.css  (0ms)  (pid 5353)
Compiled boo-utility.css  (0ms)  (pid 5353)
Compiled bootstrap-fileupload.css  (0ms)  (pid 5353)
Compiled bootstrap-modal-bootheme.css  (0ms)  (pid 5353)
Compiled jquery.ui.core.css  (1ms)  (pid 5353)
Compiled jquery.ui.theme.css  (80ms)  (pid 5353)
Compiled jquery.ui.datepicker.css  (90ms)  (pid 5353)
Compiled fonts.css  (0ms)  (pid 5353)
Compiled jquery.qtip.css  (0ms)  (pid 5353)
Compiled uniform-theme.css  (0ms)  (pid 5353)
Compiled select-theme.css  (0ms)  (pid 5353)
Compiled bootstrap-toggle-buttons-theme.css  (0ms)  (pid 5353)
Compiled clientes.css  (0ms)  (pid 5353)
Compiled fonts/awesome/css/font-awesome.css  (0ms)  (pid 5353)
Compiled fonts/fontello/css/fontello.css  (0ms)  (pid 5353)
Compiled ie.css  (0ms)  (pid 5353)
Compiled outdoors.css  (0ms)  (pid 5353)
Compiled print.css  (0ms)  (pid 5353)
Compiled reservas.css  (0ms)  (pid 5353)
Compiled scaffolds.css  (10ms)  (pid 5353)
Compiled application.css  (172ms)  (pid 5353)
Compiled jquery.js  (1ms)  (pid 5372)
Compiled jquery_ujs.js  (0ms)  (pid 5372)
Compiled jquery.price_format.1.7.min.js  (0ms)  (pid 5372)
Compiled bootstrap.js  (0ms)  (pid 5372)
Compiled jquery.cookie.js  (0ms)  (pid 5372)
Compiled jquery.ui.core.js  (0ms)  (pid 5372)
Compiled jquery.ui.widget.js  (0ms)  (pid 5372)
Compiled jquery.ui.mouse.js  (1ms)  (pid 5372)
Compiled jquery.ui.position.js  (0ms)  (pid 5372)
Compiled jquery.ui.draggable.js  (2ms)  (pid 5372)
Compiled jquery.ui.droppable.js  (3ms)  (pid 5372)
Compiled jquery.ui.resizable.js  (2ms)  (pid 5372)
Compiled jquery.ui.selectable.js  (2ms)  (pid 5372)
Compiled jquery.ui.sortable.js  (2ms)  (pid 5372)
Compiled jquery.ui.effect.js  (0ms)  (pid 5372)
Compiled jquery.ui.effect-blind.js  (4ms)  (pid 5372)
Compiled jquery.ui.effect-bounce.js  (1ms)  (pid 5372)
Compiled jquery.ui.effect-clip.js  (1ms)  (pid 5372)
Compiled jquery.ui.effect-drop.js  (1ms)  (pid 5372)
Compiled jquery.ui.effect-explode.js  (0ms)  (pid 5372)
Compiled jquery.ui.effect-fade.js  (0ms)  (pid 5372)
Compiled jquery.ui.effect-fold.js  (0ms)  (pid 5372)
Compiled jquery.ui.effect-highlight.js  (0ms)  (pid 5372)
Compiled jquery.ui.effect-pulsate.js  (1ms)  (pid 5372)
Compiled jquery.ui.effect-scale.js  (1ms)  (pid 5372)
Compiled jquery.ui.effect-shake.js  (1ms)  (pid 5372)
Compiled jquery.ui.effect-slide.js  (1ms)  (pid 5372)
Compiled jquery.ui.effect-transfer.js  (0ms)  (pid 5372)
Compiled jquery.ui.effect.all.js  (88ms)  (pid 5372)
Compiled jquery.ui.datepicker.js  (1ms)  (pid 5372)
Compiled jquery.ui.datepicker-pt-BR.js  (0ms)  (pid 5372)
Compiled bootstrap-wysihtml5/lib/js/wysihtml5-0.3.0.min.js  (0ms)  (pid 5372)
Compiled bootstrap-fileupload/bootstrap-fileupload.js  (0ms)  (pid 5372)
Compiled bootstrap-rowlink/bootstrap-rowlink.js  (0ms)  (pid 5372)
Compiled bootstrap-progressbar/bootstrap-progressbar.js  (0ms)  (pid 5372)
Compiled bootstrap-wysihtml5/src/bootstrap-wysihtml5.js  (0ms)  (pid 5372)
Compiled bootstrap-select/bootstrap-select.js  (0ms)  (pid 5372)
Compiled bootstrap-bootbox/bootbox.min.js  (0ms)  (pid 5372)
Compiled bootstrap-modal/bootstrap-modalmanager.js  (0ms)  (pid 5372)
Compiled bootstrap-modal/bootstrap-modal.js  (0ms)  (pid 5372)
Compiled bootstrap-wizard/bootstrap-wizard.js  (0ms)  (pid 5372)
Compiled bootstrap-toggle-buttons/bootstrap-toggle-buttons.js  (0ms)  (pid 5372)
Compiled nicescroll/jquery.nicescroll.min.js  (0ms)  (pid 5372)
Compiled qtip2/jquery.qtip.min.js  (0ms)  (pid 5372)
Compiled list/js/list.min.js  (0ms)  (pid 5372)
Compiled list/plugins/list.paging.min.js  (0ms)  (pid 5372)
Compiled fullcalendar/fullcalendar.js  (0ms)  (pid 5372)
Compiled uniform/jquery.uniform.js  (0ms)  (pid 5372)
Compiled select2/select2.min.js  (0ms)  (pid 5372)
Compiled counter/jquery.counter.js  (0ms)  (pid 5372)
Compiled elastic/jquery.elastic.js  (0ms)  (pid 5372)
Compiled inputmask/jquery.inputmask.js  (0ms)  (pid 5372)
Compiled inputmask/jquery.inputmask.extensions.js  (0ms)  (pid 5372)
Compiled validate/jquery.validate.min.js  (0ms)  (pid 5372)
Compiled xbreadcrumbs/xbreadcrumbs.js  (0ms)  (pid 5372)
Compiled main.js  (0ms)  (pid 5372)
Compiled clientes.js  (0ms)  (pid 5372)
Compiled outdoors.js  (0ms)  (pid 5372)
Compiled reservas.js  (94ms)  (pid 5372)
Compiled application.js  (530ms)  (pid 5372)
Compiled lib/bootstrap.css  (0ms)  (pid 5372)
Compiled lib/bootstrap-responsive.css  (0ms)  (pid 5372)
Compiled boo.css  (0ms)  (pid 5372)
Compiled boo-coloring.css  (0ms)  (pid 5372)
Compiled boo-utility.css  (0ms)  (pid 5372)
Compiled bootstrap-fileupload.css  (0ms)  (pid 5372)
Compiled bootstrap-modal-bootheme.css  (0ms)  (pid 5372)
Compiled jquery.ui.core.css  (1ms)  (pid 5372)
Compiled jquery.ui.theme.css  (74ms)  (pid 5372)
Compiled jquery.ui.datepicker.css  (84ms)  (pid 5372)
Compiled fonts.css  (0ms)  (pid 5372)
Compiled jquery.qtip.css  (0ms)  (pid 5372)
Compiled uniform-theme.css  (0ms)  (pid 5372)
Compiled select-theme.css  (0ms)  (pid 5372)
Compiled bootstrap-toggle-buttons-theme.css  (0ms)  (pid 5372)
Compiled clientes.css  (0ms)  (pid 5372)
Compiled fonts/awesome/css/font-awesome.css  (0ms)  (pid 5372)
Compiled fonts/fontello/css/fontello.css  (0ms)  (pid 5372)
Compiled ie.css  (1ms)  (pid 5372)
Compiled outdoors.css  (0ms)  (pid 5372)
Compiled print.css  (0ms)  (pid 5372)
Compiled reservas.css  (0ms)  (pid 5372)
Compiled scaffolds.css  (10ms)  (pid 5372)
Compiled application.css  (166ms)  (pid 5372)
Compiled jquery.js  (1ms)  (pid 5394)
Compiled jquery_ujs.js  (0ms)  (pid 5394)
Compiled jquery.price_format.1.7.min.js  (0ms)  (pid 5394)
Compiled bootstrap.js  (0ms)  (pid 5394)
Compiled jquery.cookie.js  (0ms)  (pid 5394)
Compiled jquery.ui.core.js  (0ms)  (pid 5394)
Compiled jquery.ui.widget.js  (0ms)  (pid 5394)
Compiled jquery.ui.mouse.js  (1ms)  (pid 5394)
Compiled jquery.ui.position.js  (0ms)  (pid 5394)
Compiled jquery.ui.draggable.js  (2ms)  (pid 5394)
Compiled jquery.ui.droppable.js  (3ms)  (pid 5394)
Compiled jquery.ui.resizable.js  (2ms)  (pid 5394)
Compiled jquery.ui.selectable.js  (2ms)  (pid 5394)
Compiled jquery.ui.sortable.js  (2ms)  (pid 5394)
Compiled jquery.ui.effect.js  (0ms)  (pid 5394)
Compiled jquery.ui.effect-blind.js  (4ms)  (pid 5394)
Compiled jquery.ui.effect-bounce.js  (0ms)  (pid 5394)
Compiled jquery.ui.effect-clip.js  (0ms)  (pid 5394)
Compiled jquery.ui.effect-drop.js  (0ms)  (pid 5394)
Compiled jquery.ui.effect-explode.js  (0ms)  (pid 5394)
Compiled jquery.ui.effect-fade.js  (0ms)  (pid 5394)
Compiled jquery.ui.effect-fold.js  (0ms)  (pid 5394)
Compiled jquery.ui.effect-highlight.js  (0ms)  (pid 5394)
Compiled jquery.ui.effect-pulsate.js  (1ms)  (pid 5394)
Compiled jquery.ui.effect-scale.js  (1ms)  (pid 5394)
Compiled jquery.ui.effect-shake.js  (1ms)  (pid 5394)
Compiled jquery.ui.effect-slide.js  (1ms)  (pid 5394)
Compiled jquery.ui.effect-transfer.js  (0ms)  (pid 5394)
Compiled jquery.ui.effect.all.js  (87ms)  (pid 5394)
Compiled jquery.ui.datepicker.js  (1ms)  (pid 5394)
Compiled jquery.ui.datepicker-pt-BR.js  (0ms)  (pid 5394)
Compiled bootstrap-wysihtml5/lib/js/wysihtml5-0.3.0.min.js  (0ms)  (pid 5394)
Compiled bootstrap-fileupload/bootstrap-fileupload.js  (0ms)  (pid 5394)
Compiled bootstrap-rowlink/bootstrap-rowlink.js  (0ms)  (pid 5394)
Compiled bootstrap-progressbar/bootstrap-progressbar.js  (0ms)  (pid 5394)
Compiled bootstrap-wysihtml5/src/bootstrap-wysihtml5.js  (0ms)  (pid 5394)
Compiled bootstrap-select/bootstrap-select.js  (0ms)  (pid 5394)
Compiled bootstrap-bootbox/bootbox.min.js  (0ms)  (pid 5394)
Compiled bootstrap-modal/bootstrap-modalmanager.js  (0ms)  (pid 5394)
Compiled bootstrap-modal/bootstrap-modal.js  (0ms)  (pid 5394)
Compiled bootstrap-wizard/bootstrap-wizard.js  (0ms)  (pid 5394)
Compiled bootstrap-toggle-buttons/bootstrap-toggle-buttons.js  (0ms)  (pid 5394)
Compiled nicescroll/jquery.nicescroll.min.js  (0ms)  (pid 5394)
Compiled qtip2/jquery.qtip.min.js  (0ms)  (pid 5394)
Compiled list/js/list.min.js  (0ms)  (pid 5394)
Compiled list/plugins/list.paging.min.js  (0ms)  (pid 5394)
Compiled fullcalendar/fullcalendar.js  (1ms)  (pid 5394)
Compiled uniform/jquery.uniform.js  (0ms)  (pid 5394)
Compiled select2/select2.min.js  (0ms)  (pid 5394)
Compiled counter/jquery.counter.js  (0ms)  (pid 5394)
Compiled elastic/jquery.elastic.js  (0ms)  (pid 5394)
Compiled inputmask/jquery.inputmask.js  (0ms)  (pid 5394)
Compiled inputmask/jquery.inputmask.extensions.js  (0ms)  (pid 5394)
Compiled validate/jquery.validate.min.js  (0ms)  (pid 5394)
Compiled xbreadcrumbs/xbreadcrumbs.js  (0ms)  (pid 5394)
Compiled main.js  (0ms)  (pid 5394)
Compiled clientes.js  (0ms)  (pid 5394)
Compiled outdoors.js  (0ms)  (pid 5394)
Compiled reservas.js  (96ms)  (pid 5394)
Compiled application.js  (521ms)  (pid 5394)
Compiled lib/bootstrap.css  (0ms)  (pid 5394)
Compiled lib/bootstrap-responsive.css  (0ms)  (pid 5394)
Compiled boo.css  (0ms)  (pid 5394)
Compiled boo-coloring.css  (0ms)  (pid 5394)
Compiled boo-utility.css  (0ms)  (pid 5394)
Compiled bootstrap-fileupload.css  (0ms)  (pid 5394)
Compiled bootstrap-modal-bootheme.css  (0ms)  (pid 5394)
Compiled jquery.ui.core.css  (1ms)  (pid 5394)
Compiled jquery.ui.theme.css  (72ms)  (pid 5394)
Compiled jquery.ui.datepicker.css  (82ms)  (pid 5394)
Compiled fonts.css  (0ms)  (pid 5394)
Compiled jquery.qtip.css  (0ms)  (pid 5394)
Compiled uniform-theme.css  (0ms)  (pid 5394)
Compiled select-theme.css  (0ms)  (pid 5394)
Compiled bootstrap-toggle-buttons-theme.css  (0ms)  (pid 5394)
Compiled clientes.css  (0ms)  (pid 5394)
Compiled fonts/awesome/css/font-awesome.css  (0ms)  (pid 5394)
Compiled fonts/fontello/css/fontello.css  (0ms)  (pid 5394)
Compiled ie.css  (0ms)  (pid 5394)
Compiled outdoors.css  (0ms)  (pid 5394)
Compiled print.css  (0ms)  (pid 5394)
Compiled reservas.css  (0ms)  (pid 5394)
Compiled scaffolds.css  (10ms)  (pid 5394)
Compiled application.css  (165ms)  (pid 5394)
Compiled jquery.js  (1ms)  (pid 5490)
Compiled jquery_ujs.js  (0ms)  (pid 5490)
Compiled jquery.price_format.1.7.min.js  (0ms)  (pid 5490)
Compiled bootstrap.js  (0ms)  (pid 5490)
Compiled jquery.cookie.js  (0ms)  (pid 5490)
Compiled jquery.ui.core.js  (0ms)  (pid 5490)
Compiled jquery.ui.widget.js  (0ms)  (pid 5490)
Compiled jquery.ui.mouse.js  (1ms)  (pid 5490)
Compiled jquery.ui.position.js  (0ms)  (pid 5490)
Compiled jquery.ui.draggable.js  (2ms)  (pid 5490)
Compiled jquery.ui.droppable.js  (3ms)  (pid 5490)
Compiled jquery.ui.resizable.js  (2ms)  (pid 5490)
Compiled jquery.ui.selectable.js  (2ms)  (pid 5490)
Compiled jquery.ui.sortable.js  (2ms)  (pid 5490)
Compiled jquery.ui.effect.js  (0ms)  (pid 5490)
Compiled jquery.ui.effect-blind.js  (4ms)  (pid 5490)
Compiled jquery.ui.effect-bounce.js  (0ms)  (pid 5490)
Compiled jquery.ui.effect-clip.js  (0ms)  (pid 5490)
Compiled jquery.ui.effect-drop.js  (0ms)  (pid 5490)
Compiled jquery.ui.effect-explode.js  (1ms)  (pid 5490)
Compiled jquery.ui.effect-fade.js  (1ms)  (pid 5490)
Compiled jquery.ui.effect-fold.js  (0ms)  (pid 5490)
Compiled jquery.ui.effect-highlight.js  (0ms)  (pid 5490)
Compiled jquery.ui.effect-pulsate.js  (1ms)  (pid 5490)
Compiled jquery.ui.effect-scale.js  (1ms)  (pid 5490)
Compiled jquery.ui.effect-shake.js  (1ms)  (pid 5490)
Compiled jquery.ui.effect-slide.js  (0ms)  (pid 5490)
Compiled jquery.ui.effect-transfer.js  (0ms)  (pid 5490)
Compiled jquery.ui.effect.all.js  (87ms)  (pid 5490)
Compiled jquery.ui.datepicker.js  (1ms)  (pid 5490)
Compiled jquery.ui.datepicker-pt-BR.js  (0ms)  (pid 5490)
Compiled bootstrap-wysihtml5/lib/js/wysihtml5-0.3.0.min.js  (0ms)  (pid 5490)
Compiled bootstrap-fileupload/bootstrap-fileupload.js  (27ms)  (pid 5490)
Compiled bootstrap-rowlink/bootstrap-rowlink.js  (0ms)  (pid 5490)
Compiled bootstrap-progressbar/bootstrap-progressbar.js  (0ms)  (pid 5490)
Compiled bootstrap-wysihtml5/src/bootstrap-wysihtml5.js  (0ms)  (pid 5490)
Compiled bootstrap-select/bootstrap-select.js  (0ms)  (pid 5490)
Compiled bootstrap-bootbox/bootbox.min.js  (0ms)  (pid 5490)
Compiled bootstrap-modal/bootstrap-modalmanager.js  (0ms)  (pid 5490)
Compiled bootstrap-modal/bootstrap-modal.js  (0ms)  (pid 5490)
Compiled bootstrap-wizard/bootstrap-wizard.js  (0ms)  (pid 5490)
Compiled bootstrap-toggle-buttons/bootstrap-toggle-buttons.js  (0ms)  (pid 5490)
Compiled nicescroll/jquery.nicescroll.min.js  (0ms)  (pid 5490)
Compiled qtip2/jquery.qtip.min.js  (0ms)  (pid 5490)
Compiled list/js/list.min.js  (0ms)  (pid 5490)
Compiled list/plugins/list.paging.min.js  (0ms)  (pid 5490)
Compiled fullcalendar/fullcalendar.js  (1ms)  (pid 5490)
Compiled uniform/jquery.uniform.js  (0ms)  (pid 5490)
Compiled select2/select2.min.js  (0ms)  (pid 5490)
Compiled counter/jquery.counter.js  (0ms)  (pid 5490)
Compiled elastic/jquery.elastic.js  (0ms)  (pid 5490)
Compiled inputmask/jquery.inputmask.js  (0ms)  (pid 5490)
Compiled inputmask/jquery.inputmask.extensions.js  (0ms)  (pid 5490)
Compiled validate/jquery.validate.min.js  (0ms)  (pid 5490)
Compiled xbreadcrumbs/xbreadcrumbs.js  (0ms)  (pid 5490)
Compiled main.js  (0ms)  (pid 5490)
Compiled clientes.js  (0ms)  (pid 5490)
Compiled outdoors.js  (0ms)  (pid 5490)
Compiled reservas.js  (92ms)  (pid 5490)
Compiled application.js  (525ms)  (pid 5490)
Compiled lib/bootstrap.css  (0ms)  (pid 5490)
Compiled lib/bootstrap-responsive.css  (0ms)  (pid 5490)
Compiled boo.css  (0ms)  (pid 5490)
Compiled boo-coloring.css  (0ms)  (pid 5490)
Compiled boo-utility.css  (0ms)  (pid 5490)
Compiled bootstrap-fileupload.css  (0ms)  (pid 5490)
Compiled bootstrap-modal-bootheme.css  (0ms)  (pid 5490)
Compiled jquery.ui.core.css  (1ms)  (pid 5490)
Compiled jquery.ui.theme.css  (74ms)  (pid 5490)
Compiled jquery.ui.datepicker.css  (84ms)  (pid 5490)
Compiled fonts.css  (0ms)  (pid 5490)
Compiled jquery.qtip.css  (0ms)  (pid 5490)
Compiled uniform-theme.css  (0ms)  (pid 5490)
Compiled select-theme.css  (0ms)  (pid 5490)
Compiled bootstrap-toggle-buttons-theme.css  (0ms)  (pid 5490)
Compiled clientes.css  (0ms)  (pid 5490)
Compiled fonts/awesome/css/font-awesome.css  (0ms)  (pid 5490)
Compiled fonts/fontello/css/fontello.css  (0ms)  (pid 5490)
Compiled ie.css  (0ms)  (pid 5490)
Compiled outdoors.css  (0ms)  (pid 5490)
Compiled print.css  (0ms)  (pid 5490)
Compiled reservas.css  (0ms)  (pid 5490)
Compiled scaffolds.css  (10ms)  (pid 5490)
Compiled application.css  (166ms)  (pid 5490)
Compiled jquery.js  (1ms)  (pid 5508)
Compiled jquery_ujs.js  (0ms)  (pid 5508)
Compiled jquery.price_format.1.7.min.js  (0ms)  (pid 5508)
Compiled bootstrap.js  (0ms)  (pid 5508)
Compiled jquery.cookie.js  (0ms)  (pid 5508)
Compiled jquery.ui.core.js  (0ms)  (pid 5508)
Compiled jquery.ui.widget.js  (0ms)  (pid 5508)
Compiled jquery.ui.mouse.js  (1ms)  (pid 5508)
Compiled jquery.ui.position.js  (0ms)  (pid 5508)
Compiled jquery.ui.draggable.js  (2ms)  (pid 5508)
Compiled jquery.ui.droppable.js  (3ms)  (pid 5508)
Compiled jquery.ui.resizable.js  (2ms)  (pid 5508)
Compiled jquery.ui.selectable.js  (2ms)  (pid 5508)
Compiled jquery.ui.sortable.js  (2ms)  (pid 5508)
Compiled jquery.ui.effect.js  (0ms)  (pid 5508)
Compiled jquery.ui.effect-blind.js  (4ms)  (pid 5508)
Compiled jquery.ui.effect-bounce.js  (0ms)  (pid 5508)
Compiled jquery.ui.effect-clip.js  (0ms)  (pid 5508)
Compiled jquery.ui.effect-drop.js  (1ms)  (pid 5508)
Compiled jquery.ui.effect-explode.js  (0ms)  (pid 5508)
Compiled jquery.ui.effect-fade.js  (0ms)  (pid 5508)
Compiled jquery.ui.effect-fold.js  (1ms)  (pid 5508)
Compiled jquery.ui.effect-highlight.js  (0ms)  (pid 5508)
Compiled jquery.ui.effect-pulsate.js  (1ms)  (pid 5508)
Compiled jquery.ui.effect-scale.js  (1ms)  (pid 5508)
Compiled jquery.ui.effect-shake.js  (1ms)  (pid 5508)
Compiled jquery.ui.effect-slide.js  (1ms)  (pid 5508)
Compiled jquery.ui.effect-transfer.js  (0ms)  (pid 5508)
Compiled jquery.ui.effect.all.js  (96ms)  (pid 5508)
Compiled jquery.ui.datepicker.js  (1ms)  (pid 5508)
Compiled jquery.ui.datepicker-pt-BR.js  (0ms)  (pid 5508)
Compiled bootstrap-wysihtml5/lib/js/wysihtml5-0.3.0.min.js  (0ms)  (pid 5508)
Compiled bootstrap-fileupload/bootstrap-fileupload.js  (27ms)  (pid 5508)
Compiled bootstrap-rowlink/bootstrap-rowlink.js  (0ms)  (pid 5508)
Compiled bootstrap-progressbar/bootstrap-progressbar.js  (0ms)  (pid 5508)
Compiled bootstrap-wysihtml5/src/bootstrap-wysihtml5.js  (0ms)  (pid 5508)
Compiled bootstrap-select/bootstrap-select.js  (0ms)  (pid 5508)
Compiled bootstrap-bootbox/bootbox.min.js  (0ms)  (pid 5508)
Compiled bootstrap-modal/bootstrap-modalmanager.js  (0ms)  (pid 5508)
Compiled bootstrap-modal/bootstrap-modal.js  (0ms)  (pid 5508)
Compiled bootstrap-wizard/bootstrap-wizard.js  (0ms)  (pid 5508)
Compiled bootstrap-toggle-buttons/bootstrap-toggle-buttons.js  (0ms)  (pid 5508)
Compiled nicescroll/jquery.nicescroll.min.js  (0ms)  (pid 5508)
Compiled qtip2/jquery.qtip.min.js  (0ms)  (pid 5508)
Compiled list/js/list.min.js  (0ms)  (pid 5508)
Compiled list/plugins/list.paging.min.js  (0ms)  (pid 5508)
Compiled fullcalendar/fullcalendar.js  (0ms)  (pid 5508)
Compiled uniform/jquery.uniform.js  (0ms)  (pid 5508)
Compiled select2/select2.min.js  (0ms)  (pid 5508)
Compiled counter/jquery.counter.js  (0ms)  (pid 5508)
Compiled elastic/jquery.elastic.js  (0ms)  (pid 5508)
Compiled inputmask/jquery.inputmask.js  (0ms)  (pid 5508)
Compiled inputmask/jquery.inputmask.extensions.js  (0ms)  (pid 5508)
Compiled validate/jquery.validate.min.js  (0ms)  (pid 5508)
Compiled xbreadcrumbs/xbreadcrumbs.js  (0ms)  (pid 5508)
Compiled main.js  (0ms)  (pid 5508)
Compiled clientes.js  (0ms)  (pid 5508)
Compiled outdoors.js  (0ms)  (pid 5508)
Compiled reservas.js  (104ms)  (pid 5508)
Compiled application.js  (536ms)  (pid 5508)
Compiled lib/bootstrap.css  (0ms)  (pid 5508)
Compiled lib/bootstrap-responsive.css  (0ms)  (pid 5508)
Compiled boo.css  (0ms)  (pid 5508)
Compiled boo-coloring.css  (0ms)  (pid 5508)
Compiled boo-utility.css  (0ms)  (pid 5508)
Compiled bootstrap-fileupload.css  (0ms)  (pid 5508)
Compiled bootstrap-modal-bootheme.css  (0ms)  (pid 5508)
Compiled jquery.ui.core.css  (1ms)  (pid 5508)
Compiled jquery.ui.theme.css  (72ms)  (pid 5508)
Compiled jquery.ui.datepicker.css  (82ms)  (pid 5508)
Compiled fonts.css  (0ms)  (pid 5508)
Compiled jquery.qtip.css  (0ms)  (pid 5508)
Compiled uniform-theme.css  (0ms)  (pid 5508)
Compiled select-theme.css  (0ms)  (pid 5508)
Compiled bootstrap-toggle-buttons-theme.css  (0ms)  (pid 5508)
Compiled clientes.css  (0ms)  (pid 5508)
Compiled fonts/awesome/css/font-awesome.css  (0ms)  (pid 5508)
Compiled fonts/fontello/css/fontello.css  (0ms)  (pid 5508)
Compiled ie.css  (0ms)  (pid 5508)
Compiled outdoors.css  (0ms)  (pid 5508)
Compiled print.css  (0ms)  (pid 5508)
Compiled reservas.css  (0ms)  (pid 5508)
Compiled scaffolds.css  (10ms)  (pid 5508)
Compiled application.css  (165ms)  (pid 5508)
Compiled jquery.js  (29ms)  (pid 5508)
Compiled jquery_ujs.js  (0ms)  (pid 5508)
Compiled jquery.price_format.1.7.min.js  (0ms)  (pid 5508)
Compiled bootstrap.js  (0ms)  (pid 5508)
Compiled jquery.cookie.js  (0ms)  (pid 5508)
Compiled jquery.ui.core.js  (0ms)  (pid 5508)
Compiled jquery.ui.widget.js  (25ms)  (pid 5508)
Compiled jquery.ui.mouse.js  (1ms)  (pid 5508)
Compiled jquery.ui.position.js  (0ms)  (pid 5508)
Compiled jquery.ui.draggable.js  (2ms)  (pid 5508)
Compiled jquery.ui.droppable.js  (3ms)  (pid 5508)
Compiled jquery.ui.resizable.js  (2ms)  (pid 5508)
Compiled jquery.ui.selectable.js  (2ms)  (pid 5508)
Compiled jquery.ui.sortable.js  (2ms)  (pid 5508)
Compiled jquery.ui.effect.js  (0ms)  (pid 5508)
Compiled jquery.ui.effect-blind.js  (3ms)  (pid 5508)
Compiled jquery.ui.effect-bounce.js  (1ms)  (pid 5508)
Compiled jquery.ui.effect-clip.js  (1ms)  (pid 5508)
Compiled jquery.ui.effect-drop.js  (1ms)  (pid 5508)
Compiled jquery.ui.effect-explode.js  (1ms)  (pid 5508)
Compiled jquery.ui.effect-fade.js  (1ms)  (pid 5508)
Compiled jquery.ui.effect-fold.js  (0ms)  (pid 5508)
Compiled jquery.ui.effect-highlight.js  (0ms)  (pid 5508)
Compiled jquery.ui.effect-pulsate.js  (1ms)  (pid 5508)
Compiled jquery.ui.effect-scale.js  (1ms)  (pid 5508)
Compiled jquery.ui.effect-shake.js  (1ms)  (pid 5508)
Compiled jquery.ui.effect-slide.js  (1ms)  (pid 5508)
Compiled jquery.ui.effect-transfer.js  (1ms)  (pid 5508)
Compiled jquery.ui.effect.all.js  (113ms)  (pid 5508)
Compiled jquery.ui.datepicker.js  (1ms)  (pid 5508)
Compiled jquery.ui.datepicker-pt-BR.js  (0ms)  (pid 5508)
Compiled bootstrap-wysihtml5/lib/js/wysihtml5-0.3.0.min.js  (0ms)  (pid 5508)
Compiled bootstrap-fileupload/bootstrap-fileupload.js  (0ms)  (pid 5508)
Compiled bootstrap-rowlink/bootstrap-rowlink.js  (0ms)  (pid 5508)
Compiled bootstrap-progressbar/bootstrap-progressbar.js  (0ms)  (pid 5508)
Compiled bootstrap-wysihtml5/src/bootstrap-wysihtml5.js  (0ms)  (pid 5508)
Compiled bootstrap-select/bootstrap-select.js  (0ms)  (pid 5508)
Compiled bootstrap-bootbox/bootbox.min.js  (0ms)  (pid 5508)
Compiled bootstrap-modal/bootstrap-modalmanager.js  (0ms)  (pid 5508)
Compiled bootstrap-modal/bootstrap-modal.js  (0ms)  (pid 5508)
Compiled bootstrap-wizard/bootstrap-wizard.js  (0ms)  (pid 5508)
Compiled bootstrap-toggle-buttons/bootstrap-toggle-buttons.js  (0ms)  (pid 5508)
Compiled nicescroll/jquery.nicescroll.min.js  (0ms)  (pid 5508)
Compiled qtip2/jquery.qtip.min.js  (0ms)  (pid 5508)
Compiled list/js/list.min.js  (0ms)  (pid 5508)
Compiled list/plugins/list.paging.min.js  (0ms)  (pid 5508)
Compiled fullcalendar/fullcalendar.js  (0ms)  (pid 5508)
Compiled uniform/jquery.uniform.js  (0ms)  (pid 5508)
Compiled select2/select2.min.js  (0ms)  (pid 5508)
Compiled counter/jquery.counter.js  (0ms)  (pid 5508)
Compiled elastic/jquery.elastic.js  (0ms)  (pid 5508)
Compiled inputmask/jquery.inputmask.js  (0ms)  (pid 5508)
Compiled inputmask/jquery.inputmask.extensions.js  (0ms)  (pid 5508)
Compiled validate/jquery.validate.min.js  (0ms)  (pid 5508)
Compiled xbreadcrumbs/xbreadcrumbs.js  (0ms)  (pid 5508)
Compiled main.js  (0ms)  (pid 5508)
Compiled clientes.js  (0ms)  (pid 5508)
Compiled outdoors.js  (0ms)  (pid 5508)
Compiled reservas.js  (147ms)  (pid 5508)
Compiled application.js  (531ms)  (pid 5508)
Compiled lib/bootstrap.css  (0ms)  (pid 5508)
Compiled lib/bootstrap-responsive.css  (0ms)  (pid 5508)
Compiled boo.css  (0ms)  (pid 5508)
Compiled boo-coloring.css  (0ms)  (pid 5508)
Compiled boo-utility.css  (0ms)  (pid 5508)
Compiled bootstrap-fileupload.css  (0ms)  (pid 5508)
Compiled bootstrap-modal-bootheme.css  (0ms)  (pid 5508)
Compiled jquery.ui.core.css  (1ms)  (pid 5508)
Compiled jquery.ui.theme.css  (7ms)  (pid 5508)
Compiled jquery.ui.datepicker.css  (17ms)  (pid 5508)
Compiled fonts.css  (0ms)  (pid 5508)
Compiled jquery.qtip.css  (0ms)  (pid 5508)
Compiled uniform-theme.css  (0ms)  (pid 5508)
Compiled select-theme.css  (0ms)  (pid 5508)
Compiled bootstrap-toggle-buttons-theme.css  (0ms)  (pid 5508)
Compiled clientes.css  (0ms)  (pid 5508)
Compiled fonts/awesome/css/font-awesome.css  (0ms)  (pid 5508)
Compiled fonts/fontello/css/fontello.css  (0ms)  (pid 5508)
Compiled ie.css  (0ms)  (pid 5508)
Compiled outdoors.css  (0ms)  (pid 5508)
Compiled print.css  (0ms)  (pid 5508)
Compiled reservas.css  (0ms)  (pid 5508)
Compiled scaffolds.css  (10ms)  (pid 5508)
Compiled application.css  (126ms)  (pid 5508)
